
CPPTRAJ: Trajectory Analysis. V5.1.0
    ___  ___  ___  ___
     | \/ | \/ | \/ | 
    _|_/\_|_/\_|_/\_|_

| Date/time: 05/14/24 10:37:15
| Available memory: 615.522 MB

INPUT: Reading input from 'trajin.in'
  [parm ../pep.top]
	Reading '../pep.top' as Amber Topology
	Radius Set: H(N)-modified Bondi radii (mbondi2)
  [trajin ../md1.nc 1 last 1]
	Reading '../md1.nc' as Amber NetCDF
  [rms first mass out rmsd_com.dat :1-335&!(@H=) time 1]
    RMSD: (:1-335&!(@H*)), reference is first frame (:1-335&!(@H*)), mass-weighted.
	Best-fit RMSD will be calculated, coords will be rotated and translated.
---------- RUN BEGIN -------------------------------------------------

PARAMETER FILES (1 total):
 0: pep.top, 42083 atoms, 12782 res, box: Truncated octahedron, 12450 mol, 12409 solvent

INPUT TRAJECTORIES (1 total):
 0: 'md1.nc' is a NetCDF AMBER trajectory with coordinates, time, box, Parm pep.top (Truncated octahedron box) (reading 1000 of 1000)
  Coordinate processing will occur on 1000 frames.

BEGIN TRAJECTORY PROCESSING:
.....................................................
ACTION SETUP FOR PARM 'pep.top' (1 actions):
  0: [rms first mass out rmsd_com.dat :1-335&!(@H=) time 1]
	Target mask: [:1-335&!(@H*)](2495)
	Reference topology: pep.top
	Reference mask: [:1-335&!(@H*)](2495)
----- md1.nc (1-1000, 1) -----
 0% 10% 20% 30% 40% 50% 60% 70% 80% 90% 100% Complete.

Read 1000 frames and processed 1000 frames.
TIME: Avg. throughput= 874.8325 frames / second.

ACTION OUTPUT:
TIME: Analyses took 0.0000 seconds.

DATASETS (1 total):
	RMSD_00001 "RMSD_00001" (double, rms), size is 1000 (8.000 kB)
    Total data set memory usage is at least 8.000 kB

DATAFILES (1 total):
  rmsd_com.dat (Standard Data File):  RMSD_00001

RUN TIMING:
TIME:		Init               : 0.0000 s (  0.00%)
TIME:		Trajectory Process : 1.1431 s ( 99.92%)
TIME:		Action Post        : 0.0000 s (  0.00%)
TIME:		Analysis           : 0.0000 s (  0.00%)
TIME:		Data File Write    : 0.0007 s (  0.07%)
TIME:		Other              : 0.0001 s (  0.00%)
TIME:	Run Total 1.1440 s
---------- RUN END ---------------------------------------------------
TIME: Total execution time: 1.3262 seconds.
--------------------------------------------------------------------------------
To cite CPPTRAJ use:
Daniel R. Roe and Thomas E. Cheatham, III, "PTRAJ and CPPTRAJ: Software for
  Processing and Analysis of Molecular Dynamics Trajectory Data". J. Chem.
  Theory Comput., 2013, 9 (7), pp 3084-3095.

